2022-06-19 18:24:43.625  INFO 17596 --- [main] c.a.e.ECommerceProjectApplication        : Starting ECommerceProjectApplication using Java 1.8.0_251 on LAPTOP-G6H7M922 with PID 17596 (C:\Users\SufyanSaori\Documents\project\30DaysChallenge\eCommerce-Project\target\classes started by Sufyan Saori in C:\Users\SufyanSaori\Documents\project\30DaysChallenge\eCommerce-Project)
2022-06-19 18:24:43.625  INFO 17596 --- [main] c.a.e.ECommerceProjectApplication        : The following 1 profile is active: "dev"
2022-06-19 18:24:44.013  INFO 17596 --- [main] .s.d.r.c.RepositoryConfigurationDelegate : Bootstrapping Spring Data JPA repositories in DEFAULT mode.
2022-06-19 18:24:44.060  INFO 17596 --- [main] .s.d.r.c.RepositoryConfigurationDelegate : Finished Spring Data repository scanning in 30 ms. Found 2 JPA repository interfaces.
2022-06-19 18:24:44.739  INFO 17596 --- [main] o.s.b.w.embedded.tomcat.TomcatWebServer  : Tomcat initialized with port(s): 8080 (http)
2022-06-19 18:24:44.755  INFO 17596 --- [main] o.apache.catalina.core.StandardService   : Starting service [Tomcat]
2022-06-19 18:24:44.755  INFO 17596 --- [main] org.apache.catalina.core.StandardEngine  : Starting Servlet engine: [Apache Tomcat/9.0.63]
2022-06-19 18:24:44.852  INFO 17596 --- [main] o.a.c.c.C.[Tomcat].[localhost].[/]       : Initializing Spring embedded WebApplicationContext
2022-06-19 18:24:44.852  INFO 17596 --- [main] w.s.c.ServletWebServerApplicationContext : Root WebApplicationContext: initialization completed in 1195 ms
2022-06-19 18:24:45.073  INFO 17596 --- [main] com.zaxxer.hikari.HikariDataSource       : HikariPool-1 - Starting...
2022-06-19 18:24:45.199  INFO 17596 --- [main] com.zaxxer.hikari.HikariDataSource       : HikariPool-1 - Start completed.
2022-06-19 18:24:45.230  INFO 17596 --- [main] o.hibernate.jpa.internal.util.LogHelper  : HHH000204: Processing PersistenceUnitInfo [name: default]
2022-06-19 18:24:45.262  INFO 17596 --- [main] org.hibernate.Version                    : HHH000412: Hibernate ORM core version 5.6.9.Final
2022-06-19 18:24:45.372  INFO 17596 --- [main] o.hibernate.annotations.common.Version   : HCANN000001: Hibernate Commons Annotations {5.1.2.Final}
2022-06-19 18:24:45.436  INFO 17596 --- [main] org.hibernate.dialect.Dialect            : HHH000400: Using dialect: org.hibernate.dialect.MySQL8Dialect
2022-06-19 18:24:45.826  INFO 17596 --- [main] o.h.e.t.j.p.i.JtaPlatformInitiator       : HHH000490: Using JtaPlatform implementation: [org.hibernate.engine.transaction.jta.platform.internal.NoJtaPlatform]
2022-06-19 18:24:45.833  INFO 17596 --- [main] j.LocalContainerEntityManagerFactoryBean : Initialized JPA EntityManagerFactory for persistence unit 'default'
2022-06-19 18:24:45.905  WARN 17596 --- [main] JpaBaseConfiguration$JpaWebConfiguration : spring.jpa.open-in-view is enabled by default. Therefore, database queries may be performed during view rendering. Explicitly configure spring.jpa.open-in-view to disable this warning
2022-06-19 18:24:47.046  INFO 17596 --- [main] o.s.b.w.embedded.tomcat.TomcatWebServer  : Tomcat started on port(s): 8080 (http) with context path ''
2022-06-19 18:24:47.052  INFO 17596 --- [main] c.a.e.ECommerceProjectApplication        : Started ECommerceProjectApplication in 3.709 seconds (JVM running for 3.949)
